   0  $accept : programa $end

   1  programa : definiciones funcmain

   2  funcmain : RES_FUNC RES_MAIN PAR_AB PAR_CE LLA_AB cuerpofuncion LLA_CE

   3  definiciones : definiciones definicion
   4               |

   5  definicion : defvar
   6             | funcion

   7  defvaropc : defvaropc defvar
   8            |

   9  defvar : RES_VAR lvar tipo SIM_PC

  10  lvar : lvar SIM_CO IDENT
  11       | IDENT

  12  funcion : RES_FUNC IDENT PAR_AB parametrosopc PAR_CE tipo LLA_AB cuerpofuncion LLA_CE
  13          | RES_FUNC IDENT PAR_AB parametrosopc PAR_CE LLA_AB cuerpofuncion LLA_CE

  14  cuerpofuncion : defvaropc sentenciasopc

  15  parametrosopc : parametros
  16                |

  17  parametros : parametros SIM_CO parametro
  18             | parametro

  19  parametro : IDENT tipo

  20  tipo : RES_INT
  21       | RES_F32
  22       | RES_CHAR
  23       | COR_AB CTE_ENTERA COR_CE tipo
  24       | RES_STRUCT LLA_AB campos LLA_CE

  25  campos : campos campo
  26         | campo

  27  campo : lvar tipo SIM_PC

  28  while : RES_WHILE PAR_AB expresion PAR_CE LLA_AB sentencias LLA_CE
  29        | RES_WHILE expresion LLA_AB sentencias LLA_CE

  30  if : RES_IF PAR_AB expresion PAR_CE LLA_AB sentencias LLA_CE else
  31     | RES_IF expresion LLA_AB sentencias LLA_CE else

  32  else : RES_ELSE LLA_AB sentencias LLA_CE
  33       | RES_ELSE PAR_AB PAR_CE LLA_AB sentencias LLA_CE
  34       |

  35  sentenciasopc : sentencias
  36                |

  37  sentencias : sentencias sentencia
  38             | sentencia

  39  sentencia : RES_WRITE PAR_AB expresiones PAR_CE SIM_PC
  40            | RES_READ PAR_AB expresiones PAR_CE SIM_PC
  41            | expresion SIM_IG expresion SIM_PC
  42            | RES_RET expresion SIM_PC
  43            | while
  44            | if
  45            | IDENT PAR_AB PAR_CE SIM_PC
  46            | IDENT PAR_AB expresiones PAR_CE SIM_PC

  47  expresiones : expresiones SIM_CO expresion
  48              | expresion

  49  expresion : expresion OP_MAS expresion
  50            | expresion OP_MENOS expresion
  51            | expresion OP_MUL expresion
  52            | expresion OP_DIV expresion
  53            | expresion OP_MOD expresion
  54            | expresion BOOL_AND expresion
  55            | expresion BOOL_OR expresion
  56            | BOOL_NOT expresion
  57            | expresion SIM_MA expresion
  58            | expresion SIM_ME expresion
  59            | expresion SIM_MAIG expresion
  60            | expresion SIM_MEIG expresion
  61            | expresion SIM_DIST expresion
  62            | expresion SIM_COMIG expresion
  63            | OP_MENOS expresion
  64            | PAR_AB expresion PAR_CE
  65            | IDENT
  66            | CTE_ENTERA
  67            | CTE_DECIMAL
  68            | CHAR
  69            | IDENT PAR_AB expresiones PAR_CE
  70            | IDENT PAR_AB PAR_CE
  71            | tipo PAR_AB expresion PAR_CE
  72            | expresion COR_AB expresion COR_CE
  73            | expresion SIM_PTO IDENT

state 0
	$accept : . programa $end  (0)
	definiciones : .  (4)

	.  reduce 4

	programa  goto 1
	definiciones  goto 2


state 1
	$accept : programa . $end  (0)

	$end  accept


state 2
	programa : definiciones . funcmain  (1)
	definiciones : definiciones . definicion  (3)

	RES_VAR  shift 3
	RES_FUNC  shift 4
	.  error

	funcmain  goto 5
	definicion  goto 6
	defvar  goto 7
	funcion  goto 8


state 3
	defvar : RES_VAR . lvar tipo SIM_PC  (9)

	IDENT  shift 9
	.  error

	lvar  goto 10


state 4
	funcmain : RES_FUNC . RES_MAIN PAR_AB PAR_CE LLA_AB cuerpofuncion LLA_CE  (2)
	funcion : RES_FUNC . IDENT PAR_AB parametrosopc PAR_CE tipo LLA_AB cuerpofuncion LLA_CE  (12)
	funcion : RES_FUNC . IDENT PAR_AB parametrosopc PAR_CE LLA_AB cuerpofuncion LLA_CE  (13)

	IDENT  shift 11
	RES_MAIN  shift 12
	.  error


state 5
	programa : definiciones funcmain .  (1)

	.  reduce 1


state 6
	definiciones : definiciones definicion .  (3)

	.  reduce 3


state 7
	definicion : defvar .  (5)

	.  reduce 5


state 8
	definicion : funcion .  (6)

	.  reduce 6


state 9
	lvar : IDENT .  (11)

	.  reduce 11


state 10
	defvar : RES_VAR lvar . tipo SIM_PC  (9)
	lvar : lvar . SIM_CO IDENT  (10)

	COR_AB  shift 13
	SIM_CO  shift 14
	RES_INT  shift 15
	RES_F32  shift 16
	RES_CHAR  shift 17
	RES_STRUCT  shift 18
	.  error

	tipo  goto 19


state 11
	funcion : RES_FUNC IDENT . PAR_AB parametrosopc PAR_CE tipo LLA_AB cuerpofuncion LLA_CE  (12)
	funcion : RES_FUNC IDENT . PAR_AB parametrosopc PAR_CE LLA_AB cuerpofuncion LLA_CE  (13)

	PAR_AB  shift 20
	.  error


state 12
	funcmain : RES_FUNC RES_MAIN . PAR_AB PAR_CE LLA_AB cuerpofuncion LLA_CE  (2)

	PAR_AB  shift 21
	.  error


state 13
	tipo : COR_AB . CTE_ENTERA COR_CE tipo  (23)

	CTE_ENTERA  shift 22
	.  error


state 14
	lvar : lvar SIM_CO . IDENT  (10)

	IDENT  shift 23
	.  error


state 15
	tipo : RES_INT .  (20)

	.  reduce 20


state 16
	tipo : RES_F32 .  (21)

	.  reduce 21


state 17
	tipo : RES_CHAR .  (22)

	.  reduce 22


state 18
	tipo : RES_STRUCT . LLA_AB campos LLA_CE  (24)

	LLA_AB  shift 24
	.  error


state 19
	defvar : RES_VAR lvar tipo . SIM_PC  (9)

	SIM_PC  shift 25
	.  error


state 20
	funcion : RES_FUNC IDENT PAR_AB . parametrosopc PAR_CE tipo LLA_AB cuerpofuncion LLA_CE  (12)
	funcion : RES_FUNC IDENT PAR_AB . parametrosopc PAR_CE LLA_AB cuerpofuncion LLA_CE  (13)
	parametrosopc : .  (16)

	IDENT  shift 26
	PAR_CE  reduce 16

	parametrosopc  goto 27
	parametros  goto 28
	parametro  goto 29


state 21
	funcmain : RES_FUNC RES_MAIN PAR_AB . PAR_CE LLA_AB cuerpofuncion LLA_CE  (2)

	PAR_CE  shift 30
	.  error


state 22
	tipo : COR_AB CTE_ENTERA . COR_CE tipo  (23)

	COR_CE  shift 31
	.  error


state 23
	lvar : lvar SIM_CO IDENT .  (10)

	.  reduce 10


state 24
	tipo : RES_STRUCT LLA_AB . campos LLA_CE  (24)

	IDENT  shift 9
	.  error

	lvar  goto 32
	campos  goto 33
	campo  goto 34


state 25
	defvar : RES_VAR lvar tipo SIM_PC .  (9)

	.  reduce 9


state 26
	parametro : IDENT . tipo  (19)

	COR_AB  shift 13
	RES_INT  shift 15
	RES_F32  shift 16
	RES_CHAR  shift 17
	RES_STRUCT  shift 18
	.  error

	tipo  goto 35


state 27
	funcion : RES_FUNC IDENT PAR_AB parametrosopc . PAR_CE tipo LLA_AB cuerpofuncion LLA_CE  (12)
	funcion : RES_FUNC IDENT PAR_AB parametrosopc . PAR_CE LLA_AB cuerpofuncion LLA_CE  (13)

	PAR_CE  shift 36
	.  error


state 28
	parametrosopc : parametros .  (15)
	parametros : parametros . SIM_CO parametro  (17)

	SIM_CO  shift 37
	PAR_CE  reduce 15


state 29
	parametros : parametro .  (18)

	.  reduce 18


state 30
	funcmain : RES_FUNC RES_MAIN PAR_AB PAR_CE . LLA_AB cuerpofuncion LLA_CE  (2)

	LLA_AB  shift 38
	.  error


state 31
	tipo : COR_AB CTE_ENTERA COR_CE . tipo  (23)

	COR_AB  shift 13
	RES_INT  shift 15
	RES_F32  shift 16
	RES_CHAR  shift 17
	RES_STRUCT  shift 18
	.  error

	tipo  goto 39


state 32
	lvar : lvar . SIM_CO IDENT  (10)
	campo : lvar . tipo SIM_PC  (27)

	COR_AB  shift 13
	SIM_CO  shift 14
	RES_INT  shift 15
	RES_F32  shift 16
	RES_CHAR  shift 17
	RES_STRUCT  shift 18
	.  error

	tipo  goto 40


state 33
	tipo : RES_STRUCT LLA_AB campos . LLA_CE  (24)
	campos : campos . campo  (25)

	LLA_CE  shift 41
	IDENT  shift 9
	.  error

	lvar  goto 32
	campo  goto 42


state 34
	campos : campo .  (26)

	.  reduce 26


state 35
	parametro : IDENT tipo .  (19)

	.  reduce 19


state 36
	funcion : RES_FUNC IDENT PAR_AB parametrosopc PAR_CE . tipo LLA_AB cuerpofuncion LLA_CE  (12)
	funcion : RES_FUNC IDENT PAR_AB parametrosopc PAR_CE . LLA_AB cuerpofuncion LLA_CE  (13)

	LLA_AB  shift 43
	COR_AB  shift 13
	RES_INT  shift 15
	RES_F32  shift 16
	RES_CHAR  shift 17
	RES_STRUCT  shift 18
	.  error

	tipo  goto 44


state 37
	parametros : parametros SIM_CO . parametro  (17)

	IDENT  shift 26
	.  error

	parametro  goto 45


state 38
	funcmain : RES_FUNC RES_MAIN PAR_AB PAR_CE LLA_AB . cuerpofuncion LLA_CE  (2)
	defvaropc : .  (8)

	.  reduce 8

	cuerpofuncion  goto 46
	defvaropc  goto 47


state 39
	tipo : COR_AB CTE_ENTERA COR_CE tipo .  (23)

	.  reduce 23


state 40
	campo : lvar tipo . SIM_PC  (27)

	SIM_PC  shift 48
	.  error


state 41
	tipo : RES_STRUCT LLA_AB campos LLA_CE .  (24)

	.  reduce 24


state 42
	campos : campos campo .  (25)

	.  reduce 25


state 43
	funcion : RES_FUNC IDENT PAR_AB parametrosopc PAR_CE LLA_AB . cuerpofuncion LLA_CE  (13)
	defvaropc : .  (8)

	.  reduce 8

	cuerpofuncion  goto 49
	defvaropc  goto 47


state 44
	funcion : RES_FUNC IDENT PAR_AB parametrosopc PAR_CE tipo . LLA_AB cuerpofuncion LLA_CE  (12)

	LLA_AB  shift 50
	.  error


state 45
	parametros : parametros SIM_CO parametro .  (17)

	.  reduce 17


state 46
	funcmain : RES_FUNC RES_MAIN PAR_AB PAR_CE LLA_AB cuerpofuncion . LLA_CE  (2)

	LLA_CE  shift 51
	.  error


state 47
	defvaropc : defvaropc . defvar  (7)
	cuerpofuncion : defvaropc . sentenciasopc  (14)
	sentenciasopc : .  (36)

	CTE_ENTERA  shift 52
	CTE_DECIMAL  shift 53
	PAR_AB  shift 54
	COR_AB  shift 13
	CHAR  shift 55
	IDENT  shift 56
	OP_MENOS  shift 57
	BOOL_NOT  shift 58
	RES_READ  shift 59
	RES_WRITE  shift 60
	RES_WHILE  shift 61
	RES_IF  shift 62
	RES_INT  shift 15
	RES_F32  shift 16
	RES_CHAR  shift 17
	RES_VAR  shift 3
	RES_STRUCT  shift 18
	RES_RET  shift 63
	LLA_CE  reduce 36

	defvar  goto 64
	tipo  goto 65
	sentenciasopc  goto 66
	while  goto 67
	expresion  goto 68
	sentencias  goto 69
	if  goto 70
	sentencia  goto 71


state 48
	campo : lvar tipo SIM_PC .  (27)

	.  reduce 27


state 49
	funcion : RES_FUNC IDENT PAR_AB parametrosopc PAR_CE LLA_AB cuerpofuncion . LLA_CE  (13)

	LLA_CE  shift 72
	.  error


state 50
	funcion : RES_FUNC IDENT PAR_AB parametrosopc PAR_CE tipo LLA_AB . cuerpofuncion LLA_CE  (12)
	defvaropc : .  (8)

	.  reduce 8

	cuerpofuncion  goto 73
	defvaropc  goto 47


state 51
	funcmain : RES_FUNC RES_MAIN PAR_AB PAR_CE LLA_AB cuerpofuncion LLA_CE .  (2)

	.  reduce 2


state 52
	expresion : CTE_ENTERA .  (66)

	.  reduce 66


state 53
	expresion : CTE_DECIMAL .  (67)

	.  reduce 67


state 54
	expresion : PAR_AB . expresion PAR_CE  (64)

	CTE_ENTERA  shift 52
	CTE_DECIMAL  shift 53
	PAR_AB  shift 54
	COR_AB  shift 13
	CHAR  shift 55
	IDENT  shift 74
	OP_MENOS  shift 57
	BOOL_NOT  shift 58
	RES_INT  shift 15
	RES_F32  shift 16
	RES_CHAR  shift 17
	RES_STRUCT  shift 18
	.  error

	tipo  goto 65
	expresion  goto 75


state 55
	expresion : CHAR .  (68)

	.  reduce 68


state 56
	sentencia : IDENT . PAR_AB PAR_CE SIM_PC  (45)
	sentencia : IDENT . PAR_AB expresiones PAR_CE SIM_PC  (46)
	expresion : IDENT .  (65)
	expresion : IDENT . PAR_AB expresiones PAR_CE  (69)
	expresion : IDENT . PAR_AB PAR_CE  (70)

	PAR_AB  shift 76
	COR_AB  reduce 65
	OP_MAS  reduce 65
	OP_MENOS  reduce 65
	OP_MUL  reduce 65
	OP_DIV  reduce 65
	OP_MOD  reduce 65
	SIM_COMIG  reduce 65
	SIM_DIST  reduce 65
	SIM_MAIG  reduce 65
	SIM_MEIG  reduce 65
	SIM_IG  reduce 65
	SIM_MA  reduce 65
	SIM_ME  reduce 65
	BOOL_AND  reduce 65
	BOOL_OR  reduce 65
	SIM_PTO  reduce 65


state 57
	expresion : OP_MENOS . expresion  (63)

	CTE_ENTERA  shift 52
	CTE_DECIMAL  shift 53
	PAR_AB  shift 54
	COR_AB  shift 13
	CHAR  shift 55
	IDENT  shift 74
	OP_MENOS  shift 57
	BOOL_NOT  shift 58
	RES_INT  shift 15
	RES_F32  shift 16
	RES_CHAR  shift 17
	RES_STRUCT  shift 18
	.  error

	tipo  goto 65
	expresion  goto 77


state 58
	expresion : BOOL_NOT . expresion  (56)

	CTE_ENTERA  shift 52
	CTE_DECIMAL  shift 53
	PAR_AB  shift 54
	COR_AB  shift 13
	CHAR  shift 55
	IDENT  shift 74
	OP_MENOS  shift 57
	BOOL_NOT  shift 58
	RES_INT  shift 15
	RES_F32  shift 16
	RES_CHAR  shift 17
	RES_STRUCT  shift 18
	.  error

	tipo  goto 65
	expresion  goto 78


state 59
	sentencia : RES_READ . PAR_AB expresiones PAR_CE SIM_PC  (40)

	PAR_AB  shift 79
	.  error


state 60
	sentencia : RES_WRITE . PAR_AB expresiones PAR_CE SIM_PC  (39)

	PAR_AB  shift 80
	.  error


state 61
	while : RES_WHILE . PAR_AB expresion PAR_CE LLA_AB sentencias LLA_CE  (28)
	while : RES_WHILE . expresion LLA_AB sentencias LLA_CE  (29)

	CTE_ENTERA  shift 52
	CTE_DECIMAL  shift 53
	PAR_AB  shift 81
	COR_AB  shift 13
	CHAR  shift 55
	IDENT  shift 74
	OP_MENOS  shift 57
	BOOL_NOT  shift 58
	RES_INT  shift 15
	RES_F32  shift 16
	RES_CHAR  shift 17
	RES_STRUCT  shift 18
	.  error

	tipo  goto 65
	expresion  goto 82


state 62
	if : RES_IF . PAR_AB expresion PAR_CE LLA_AB sentencias LLA_CE else  (30)
	if : RES_IF . expresion LLA_AB sentencias LLA_CE else  (31)

	CTE_ENTERA  shift 52
	CTE_DECIMAL  shift 53
	PAR_AB  shift 83
	COR_AB  shift 13
	CHAR  shift 55
	IDENT  shift 74
	OP_MENOS  shift 57
	BOOL_NOT  shift 58
	RES_INT  shift 15
	RES_F32  shift 16
	RES_CHAR  shift 17
	RES_STRUCT  shift 18
	.  error

	tipo  goto 65
	expresion  goto 84


state 63
	sentencia : RES_RET . expresion SIM_PC  (42)

	CTE_ENTERA  shift 52
	CTE_DECIMAL  shift 53
	PAR_AB  shift 54
	COR_AB  shift 13
	CHAR  shift 55
	IDENT  shift 74
	OP_MENOS  shift 57
	BOOL_NOT  shift 58
	RES_INT  shift 15
	RES_F32  shift 16
	RES_CHAR  shift 17
	RES_STRUCT  shift 18
	.  error

	tipo  goto 65
	expresion  goto 85


state 64
	defvaropc : defvaropc defvar .  (7)

	.  reduce 7


state 65
	expresion : tipo . PAR_AB expresion PAR_CE  (71)

	PAR_AB  shift 86
	.  error


state 66
	cuerpofuncion : defvaropc sentenciasopc .  (14)

	.  reduce 14


state 67
	sentencia : while .  (43)

	.  reduce 43


state 68
	sentencia : expresion . SIM_IG expresion SIM_PC  (41)
	expresion : expresion . OP_MAS expresion  (49)
	expresion : expresion . OP_MENOS expresion  (50)
	expresion : expresion . OP_MUL expresion  (51)
	expresion : expresion . OP_DIV expresion  (52)
	expresion : expresion . OP_MOD expresion  (53)
	expresion : expresion . BOOL_AND expresion  (54)
	expresion : expresion . BOOL_OR expresion  (55)
	expresion : expresion . SIM_MA expresion  (57)
	expresion : expresion . SIM_ME expresion  (58)
	expresion : expresion . SIM_MAIG expresion  (59)
	expresion : expresion . SIM_MEIG expresion  (60)
	expresion : expresion . SIM_DIST expresion  (61)
	expresion : expresion . SIM_COMIG expresion  (62)
	expresion : expresion . COR_AB expresion COR_CE  (72)
	expresion : expresion . SIM_PTO IDENT  (73)

	COR_AB  shift 87
	OP_MAS  shift 88
	OP_MENOS  shift 89
	OP_MUL  shift 90
	OP_DIV  shift 91
	OP_MOD  shift 92
	SIM_COMIG  shift 93
	SIM_DIST  shift 94
	SIM_MAIG  shift 95
	SIM_MEIG  shift 96
	SIM_IG  shift 97
	SIM_MA  shift 98
	SIM_ME  shift 99
	BOOL_AND  shift 100
	BOOL_OR  shift 101
	SIM_PTO  shift 102
	.  error


state 69
	sentenciasopc : sentencias .  (35)
	sentencias : sentencias . sentencia  (37)

	CTE_ENTERA  shift 52
	CTE_DECIMAL  shift 53
	PAR_AB  shift 54
	COR_AB  shift 13
	CHAR  shift 55
	IDENT  shift 56
	OP_MENOS  shift 57
	BOOL_NOT  shift 58
	RES_READ  shift 59
	RES_WRITE  shift 60
	RES_WHILE  shift 61
	RES_IF  shift 62
	RES_INT  shift 15
	RES_F32  shift 16
	RES_CHAR  shift 17
	RES_STRUCT  shift 18
	RES_RET  shift 63
	LLA_CE  reduce 35

	tipo  goto 65
	while  goto 67
	expresion  goto 68
	if  goto 70
	sentencia  goto 103


state 70
	sentencia : if .  (44)

	.  reduce 44


state 71
	sentencias : sentencia .  (38)

	.  reduce 38


state 72
	funcion : RES_FUNC IDENT PAR_AB parametrosopc PAR_CE LLA_AB cuerpofuncion LLA_CE .  (13)

	.  reduce 13


state 73
	funcion : RES_FUNC IDENT PAR_AB parametrosopc PAR_CE tipo LLA_AB cuerpofuncion . LLA_CE  (12)

	LLA_CE  shift 104
	.  error


state 74
	expresion : IDENT .  (65)
	expresion : IDENT . PAR_AB expresiones PAR_CE  (69)
	expresion : IDENT . PAR_AB PAR_CE  (70)

	PAR_AB  shift 105
	LLA_AB  reduce 65
	PAR_CE  reduce 65
	COR_AB  reduce 65
	COR_CE  reduce 65
	OP_MAS  reduce 65
	OP_MENOS  reduce 65
	OP_MUL  reduce 65
	OP_DIV  reduce 65
	OP_MOD  reduce 65
	SIM_COMIG  reduce 65
	SIM_DIST  reduce 65
	SIM_MAIG  reduce 65
	SIM_MEIG  reduce 65
	SIM_IG  reduce 65
	SIM_CO  reduce 65
	SIM_MA  reduce 65
	SIM_PC  reduce 65
	SIM_ME  reduce 65
	BOOL_AND  reduce 65
	BOOL_OR  reduce 65
	SIM_PTO  reduce 65


state 75
	expresion : expresion . OP_MAS expresion  (49)
	expresion : expresion . OP_MENOS expresion  (50)
	expresion : expresion . OP_MUL expresion  (51)
	expresion : expresion . OP_DIV expresion  (52)
	expresion : expresion . OP_MOD expresion  (53)
	expresion : expresion . BOOL_AND expresion  (54)
	expresion : expresion . BOOL_OR expresion  (55)
	expresion : expresion . SIM_MA expresion  (57)
	expresion : expresion . SIM_ME expresion  (58)
	expresion : expresion . SIM_MAIG expresion  (59)
	expresion : expresion . SIM_MEIG expresion  (60)
	expresion : expresion . SIM_DIST expresion  (61)
	expresion : expresion . SIM_COMIG expresion  (62)
	expresion : PAR_AB expresion . PAR_CE  (64)
	expresion : expresion . COR_AB expresion COR_CE  (72)
	expresion : expresion . SIM_PTO IDENT  (73)

	PAR_CE  shift 106
	COR_AB  shift 87
	OP_MAS  shift 88
	OP_MENOS  shift 89
	OP_MUL  shift 90
	OP_DIV  shift 91
	OP_MOD  shift 92
	SIM_COMIG  shift 93
	SIM_DIST  shift 94
	SIM_MAIG  shift 95
	SIM_MEIG  shift 96
	SIM_MA  shift 98
	SIM_ME  shift 99
	BOOL_AND  shift 100
	BOOL_OR  shift 101
	SIM_PTO  shift 102
	.  error


state 76
	sentencia : IDENT PAR_AB . PAR_CE SIM_PC  (45)
	sentencia : IDENT PAR_AB . expresiones PAR_CE SIM_PC  (46)
	expresion : IDENT PAR_AB . expresiones PAR_CE  (69)
	expresion : IDENT PAR_AB . PAR_CE  (70)

	CTE_ENTERA  shift 52
	CTE_DECIMAL  shift 53
	PAR_AB  shift 54
	PAR_CE  shift 107
	COR_AB  shift 13
	CHAR  shift 55
	IDENT  shift 74
	OP_MENOS  shift 57
	BOOL_NOT  shift 58
	RES_INT  shift 15
	RES_F32  shift 16
	RES_CHAR  shift 17
	RES_STRUCT  shift 18
	.  error

	tipo  goto 65
	expresion  goto 108
	expresiones  goto 109


state 77
	expresion : expresion . OP_MAS expresion  (49)
	expresion : expresion . OP_MENOS expresion  (50)
	expresion : expresion . OP_MUL expresion  (51)
	expresion : expresion . OP_DIV expresion  (52)
	expresion : expresion . OP_MOD expresion  (53)
	expresion : expresion . BOOL_AND expresion  (54)
	expresion : expresion . BOOL_OR expresion  (55)
	expresion : expresion . SIM_MA expresion  (57)
	expresion : expresion . SIM_ME expresion  (58)
	expresion : expresion . SIM_MAIG expresion  (59)
	expresion : expresion . SIM_MEIG expresion  (60)
	expresion : expresion . SIM_DIST expresion  (61)
	expresion : expresion . SIM_COMIG expresion  (62)
	expresion : OP_MENOS expresion .  (63)
	expresion : expresion . COR_AB expresion COR_CE  (72)
	expresion : expresion . SIM_PTO IDENT  (73)

	COR_AB  shift 87
	SIM_PTO  shift 102
	LLA_AB  reduce 63
	PAR_CE  reduce 63
	COR_CE  reduce 63
	OP_MAS  reduce 63
	OP_MENOS  reduce 63
	OP_MUL  reduce 63
	OP_DIV  reduce 63
	OP_MOD  reduce 63
	SIM_COMIG  reduce 63
	SIM_DIST  reduce 63
	SIM_MAIG  reduce 63
	SIM_MEIG  reduce 63
	SIM_IG  reduce 63
	SIM_CO  reduce 63
	SIM_MA  reduce 63
	SIM_PC  reduce 63
	SIM_ME  reduce 63
	BOOL_AND  reduce 63
	BOOL_OR  reduce 63


state 78
	expresion : expresion . OP_MAS expresion  (49)
	expresion : expresion . OP_MENOS expresion  (50)
	expresion : expresion . OP_MUL expresion  (51)
	expresion : expresion . OP_DIV expresion  (52)
	expresion : expresion . OP_MOD expresion  (53)
	expresion : expresion . BOOL_AND expresion  (54)
	expresion : expresion . BOOL_OR expresion  (55)
	expresion : BOOL_NOT expresion .  (56)
	expresion : expresion . SIM_MA expresion  (57)
	expresion : expresion . SIM_ME expresion  (58)
	expresion : expresion . SIM_MAIG expresion  (59)
	expresion : expresion . SIM_MEIG expresion  (60)
	expresion : expresion . SIM_DIST expresion  (61)
	expresion : expresion . SIM_COMIG expresion  (62)
	expresion : expresion . COR_AB expresion COR_CE  (72)
	expresion : expresion . SIM_PTO IDENT  (73)

	COR_AB  shift 87
	SIM_PTO  shift 102
	LLA_AB  reduce 56
	PAR_CE  reduce 56
	COR_CE  reduce 56
	OP_MAS  reduce 56
	OP_MENOS  reduce 56
	OP_MUL  reduce 56
	OP_DIV  reduce 56
	OP_MOD  reduce 56
	SIM_COMIG  reduce 56
	SIM_DIST  reduce 56
	SIM_MAIG  reduce 56
	SIM_MEIG  reduce 56
	SIM_IG  reduce 56
	SIM_CO  reduce 56
	SIM_MA  reduce 56
	SIM_PC  reduce 56
	SIM_ME  reduce 56
	BOOL_AND  reduce 56
	BOOL_OR  reduce 56


state 79
	sentencia : RES_READ PAR_AB . expresiones PAR_CE SIM_PC  (40)

	CTE_ENTERA  shift 52
	CTE_DECIMAL  shift 53
	PAR_AB  shift 54
	COR_AB  shift 13
	CHAR  shift 55
	IDENT  shift 74
	OP_MENOS  shift 57
	BOOL_NOT  shift 58
	RES_INT  shift 15
	RES_F32  shift 16
	RES_CHAR  shift 17
	RES_STRUCT  shift 18
	.  error

	tipo  goto 65
	expresion  goto 108
	expresiones  goto 110


state 80
	sentencia : RES_WRITE PAR_AB . expresiones PAR_CE SIM_PC  (39)

	CTE_ENTERA  shift 52
	CTE_DECIMAL  shift 53
	PAR_AB  shift 54
	COR_AB  shift 13
	CHAR  shift 55
	IDENT  shift 74
	OP_MENOS  shift 57
	BOOL_NOT  shift 58
	RES_INT  shift 15
	RES_F32  shift 16
	RES_CHAR  shift 17
	RES_STRUCT  shift 18
	.  error

	tipo  goto 65
	expresion  goto 108
	expresiones  goto 111


state 81
	while : RES_WHILE PAR_AB . expresion PAR_CE LLA_AB sentencias LLA_CE  (28)
	expresion : PAR_AB . expresion PAR_CE  (64)

	CTE_ENTERA  shift 52
	CTE_DECIMAL  shift 53
	PAR_AB  shift 54
	COR_AB  shift 13
	CHAR  shift 55
	IDENT  shift 74
	OP_MENOS  shift 57
	BOOL_NOT  shift 58
	RES_INT  shift 15
	RES_F32  shift 16
	RES_CHAR  shift 17
	RES_STRUCT  shift 18
	.  error

	tipo  goto 65
	expresion  goto 112


state 82
	while : RES_WHILE expresion . LLA_AB sentencias LLA_CE  (29)
	expresion : expresion . OP_MAS expresion  (49)
	expresion : expresion . OP_MENOS expresion  (50)
	expresion : expresion . OP_MUL expresion  (51)
	expresion : expresion . OP_DIV expresion  (52)
	expresion : expresion . OP_MOD expresion  (53)
	expresion : expresion . BOOL_AND expresion  (54)
	expresion : expresion . BOOL_OR expresion  (55)
	expresion : expresion . SIM_MA expresion  (57)
	expresion : expresion . SIM_ME expresion  (58)
	expresion : expresion . SIM_MAIG expresion  (59)
	expresion : expresion . SIM_MEIG expresion  (60)
	expresion : expresion . SIM_DIST expresion  (61)
	expresion : expresion . SIM_COMIG expresion  (62)
	expresion : expresion . COR_AB expresion COR_CE  (72)
	expresion : expresion . SIM_PTO IDENT  (73)

	LLA_AB  shift 113
	COR_AB  shift 87
	OP_MAS  shift 88
	OP_MENOS  shift 89
	OP_MUL  shift 90
	OP_DIV  shift 91
	OP_MOD  shift 92
	SIM_COMIG  shift 93
	SIM_DIST  shift 94
	SIM_MAIG  shift 95
	SIM_MEIG  shift 96
	SIM_MA  shift 98
	SIM_ME  shift 99
	BOOL_AND  shift 100
	BOOL_OR  shift 101
	SIM_PTO  shift 102
	.  error


state 83
	if : RES_IF PAR_AB . expresion PAR_CE LLA_AB sentencias LLA_CE else  (30)
	expresion : PAR_AB . expresion PAR_CE  (64)

	CTE_ENTERA  shift 52
	CTE_DECIMAL  shift 53
	PAR_AB  shift 54
	COR_AB  shift 13
	CHAR  shift 55
	IDENT  shift 74
	OP_MENOS  shift 57
	BOOL_NOT  shift 58
	RES_INT  shift 15
	RES_F32  shift 16
	RES_CHAR  shift 17
	RES_STRUCT  shift 18
	.  error

	tipo  goto 65
	expresion  goto 114


state 84
	if : RES_IF expresion . LLA_AB sentencias LLA_CE else  (31)
	expresion : expresion . OP_MAS expresion  (49)
	expresion : expresion . OP_MENOS expresion  (50)
	expresion : expresion . OP_MUL expresion  (51)
	expresion : expresion . OP_DIV expresion  (52)
	expresion : expresion . OP_MOD expresion  (53)
	expresion : expresion . BOOL_AND expresion  (54)
	expresion : expresion . BOOL_OR expresion  (55)
	expresion : expresion . SIM_MA expresion  (57)
	expresion : expresion . SIM_ME expresion  (58)
	expresion : expresion . SIM_MAIG expresion  (59)
	expresion : expresion . SIM_MEIG expresion  (60)
	expresion : expresion . SIM_DIST expresion  (61)
	expresion : expresion . SIM_COMIG expresion  (62)
	expresion : expresion . COR_AB expresion COR_CE  (72)
	expresion : expresion . SIM_PTO IDENT  (73)

	LLA_AB  shift 115
	COR_AB  shift 87
	OP_MAS  shift 88
	OP_MENOS  shift 89
	OP_MUL  shift 90
	OP_DIV  shift 91
	OP_MOD  shift 92
	SIM_COMIG  shift 93
	SIM_DIST  shift 94
	SIM_MAIG  shift 95
	SIM_MEIG  shift 96
	SIM_MA  shift 98
	SIM_ME  shift 99
	BOOL_AND  shift 100
	BOOL_OR  shift 101
	SIM_PTO  shift 102
	.  error


state 85
	sentencia : RES_RET expresion . SIM_PC  (42)
	expresion : expresion . OP_MAS expresion  (49)
	expresion : expresion . OP_MENOS expresion  (50)
	expresion : expresion . OP_MUL expresion  (51)
	expresion : expresion . OP_DIV expresion  (52)
	expresion : expresion . OP_MOD expresion  (53)
	expresion : expresion . BOOL_AND expresion  (54)
	expresion : expresion . BOOL_OR expresion  (55)
	expresion : expresion . SIM_MA expresion  (57)
	expresion : expresion . SIM_ME expresion  (58)
	expresion : expresion . SIM_MAIG expresion  (59)
	expresion : expresion . SIM_MEIG expresion  (60)
	expresion : expresion . SIM_DIST expresion  (61)
	expresion : expresion . SIM_COMIG expresion  (62)
	expresion : expresion . COR_AB expresion COR_CE  (72)
	expresion : expresion . SIM_PTO IDENT  (73)

	COR_AB  shift 87
	OP_MAS  shift 88
	OP_MENOS  shift 89
	OP_MUL  shift 90
	OP_DIV  shift 91
	OP_MOD  shift 92
	SIM_COMIG  shift 93
	SIM_DIST  shift 94
	SIM_MAIG  shift 95
	SIM_MEIG  shift 96
	SIM_MA  shift 98
	SIM_PC  shift 116
	SIM_ME  shift 99
	BOOL_AND  shift 100
	BOOL_OR  shift 101
	SIM_PTO  shift 102
	.  error


state 86
	expresion : tipo PAR_AB . expresion PAR_CE  (71)

	CTE_ENTERA  shift 52
	CTE_DECIMAL  shift 53
	PAR_AB  shift 54
	COR_AB  shift 13
	CHAR  shift 55
	IDENT  shift 74
	OP_MENOS  shift 57
	BOOL_NOT  shift 58
	RES_INT  shift 15
	RES_F32  shift 16
	RES_CHAR  shift 17
	RES_STRUCT  shift 18
	.  error

	tipo  goto 65
	expresion  goto 117


state 87
	expresion : expresion COR_AB . expresion COR_CE  (72)

	CTE_ENTERA  shift 52
	CTE_DECIMAL  shift 53
	PAR_AB  shift 54
	COR_AB  shift 13
	CHAR  shift 55
	IDENT  shift 74
	OP_MENOS  shift 57
	BOOL_NOT  shift 58
	RES_INT  shift 15
	RES_F32  shift 16
	RES_CHAR  shift 17
	RES_STRUCT  shift 18
	.  error

	tipo  goto 65
	expresion  goto 118


state 88
	expresion : expresion OP_MAS . expresion  (49)

	CTE_ENTERA  shift 52
	CTE_DECIMAL  shift 53
	PAR_AB  shift 54
	COR_AB  shift 13
	CHAR  shift 55
	IDENT  shift 74
	OP_MENOS  shift 57
	BOOL_NOT  shift 58
	RES_INT  shift 15
	RES_F32  shift 16
	RES_CHAR  shift 17
	RES_STRUCT  shift 18
	.  error

	tipo  goto 65
	expresion  goto 119


state 89
	expresion : expresion OP_MENOS . expresion  (50)

	CTE_ENTERA  shift 52
	CTE_DECIMAL  shift 53
	PAR_AB  shift 54
	COR_AB  shift 13
	CHAR  shift 55
	IDENT  shift 74
	OP_MENOS  shift 57
	BOOL_NOT  shift 58
	RES_INT  shift 15
	RES_F32  shift 16
	RES_CHAR  shift 17
	RES_STRUCT  shift 18
	.  error

	tipo  goto 65
	expresion  goto 120


state 90
	expresion : expresion OP_MUL . expresion  (51)

	CTE_ENTERA  shift 52
	CTE_DECIMAL  shift 53
	PAR_AB  shift 54
	COR_AB  shift 13
	CHAR  shift 55
	IDENT  shift 74
	OP_MENOS  shift 57
	BOOL_NOT  shift 58
	RES_INT  shift 15
	RES_F32  shift 16
	RES_CHAR  shift 17
	RES_STRUCT  shift 18
	.  error

	tipo  goto 65
	expresion  goto 121


state 91
	expresion : expresion OP_DIV . expresion  (52)

	CTE_ENTERA  shift 52
	CTE_DECIMAL  shift 53
	PAR_AB  shift 54
	COR_AB  shift 13
	CHAR  shift 55
	IDENT  shift 74
	OP_MENOS  shift 57
	BOOL_NOT  shift 58
	RES_INT  shift 15
	RES_F32  shift 16
	RES_CHAR  shift 17
	RES_STRUCT  shift 18
	.  error

	tipo  goto 65
	expresion  goto 122


state 92
	expresion : expresion OP_MOD . expresion  (53)

	CTE_ENTERA  shift 52
	CTE_DECIMAL  shift 53
	PAR_AB  shift 54
	COR_AB  shift 13
	CHAR  shift 55
	IDENT  shift 74
	OP_MENOS  shift 57
	BOOL_NOT  shift 58
	RES_INT  shift 15
	RES_F32  shift 16
	RES_CHAR  shift 17
	RES_STRUCT  shift 18
	.  error

	tipo  goto 65
	expresion  goto 123


state 93
	expresion : expresion SIM_COMIG . expresion  (62)

	CTE_ENTERA  shift 52
	CTE_DECIMAL  shift 53
	PAR_AB  shift 54
	COR_AB  shift 13
	CHAR  shift 55
	IDENT  shift 74
	OP_MENOS  shift 57
	BOOL_NOT  shift 58
	RES_INT  shift 15
	RES_F32  shift 16
	RES_CHAR  shift 17
	RES_STRUCT  shift 18
	.  error

	tipo  goto 65
	expresion  goto 124


state 94
	expresion : expresion SIM_DIST . expresion  (61)

	CTE_ENTERA  shift 52
	CTE_DECIMAL  shift 53
	PAR_AB  shift 54
	COR_AB  shift 13
	CHAR  shift 55
	IDENT  shift 74
	OP_MENOS  shift 57
	BOOL_NOT  shift 58
	RES_INT  shift 15
	RES_F32  shift 16
	RES_CHAR  shift 17
	RES_STRUCT  shift 18
	.  error

	tipo  goto 65
	expresion  goto 125


state 95
	expresion : expresion SIM_MAIG . expresion  (59)

	CTE_ENTERA  shift 52
	CTE_DECIMAL  shift 53
	PAR_AB  shift 54
	COR_AB  shift 13
	CHAR  shift 55
	IDENT  shift 74
	OP_MENOS  shift 57
	BOOL_NOT  shift 58
	RES_INT  shift 15
	RES_F32  shift 16
	RES_CHAR  shift 17
	RES_STRUCT  shift 18
	.  error

	tipo  goto 65
	expresion  goto 126


state 96
	expresion : expresion SIM_MEIG . expresion  (60)

	CTE_ENTERA  shift 52
	CTE_DECIMAL  shift 53
	PAR_AB  shift 54
	COR_AB  shift 13
	CHAR  shift 55
	IDENT  shift 74
	OP_MENOS  shift 57
	BOOL_NOT  shift 58
	RES_INT  shift 15
	RES_F32  shift 16
	RES_CHAR  shift 17
	RES_STRUCT  shift 18
	.  error

	tipo  goto 65
	expresion  goto 127


state 97
	sentencia : expresion SIM_IG . expresion SIM_PC  (41)

	CTE_ENTERA  shift 52
	CTE_DECIMAL  shift 53
	PAR_AB  shift 54
	COR_AB  shift 13
	CHAR  shift 55
	IDENT  shift 74
	OP_MENOS  shift 57
	BOOL_NOT  shift 58
	RES_INT  shift 15
	RES_F32  shift 16
	RES_CHAR  shift 17
	RES_STRUCT  shift 18
	.  error

	tipo  goto 65
	expresion  goto 128


state 98
	expresion : expresion SIM_MA . expresion  (57)

	CTE_ENTERA  shift 52
	CTE_DECIMAL  shift 53
	PAR_AB  shift 54
	COR_AB  shift 13
	CHAR  shift 55
	IDENT  shift 74
	OP_MENOS  shift 57
	BOOL_NOT  shift 58
	RES_INT  shift 15
	RES_F32  shift 16
	RES_CHAR  shift 17
	RES_STRUCT  shift 18
	.  error

	tipo  goto 65
	expresion  goto 129


state 99
	expresion : expresion SIM_ME . expresion  (58)

	CTE_ENTERA  shift 52
	CTE_DECIMAL  shift 53
	PAR_AB  shift 54
	COR_AB  shift 13
	CHAR  shift 55
	IDENT  shift 74
	OP_MENOS  shift 57
	BOOL_NOT  shift 58
	RES_INT  shift 15
	RES_F32  shift 16
	RES_CHAR  shift 17
	RES_STRUCT  shift 18
	.  error

	tipo  goto 65
	expresion  goto 130


state 100
	expresion : expresion BOOL_AND . expresion  (54)

	CTE_ENTERA  shift 52
	CTE_DECIMAL  shift 53
	PAR_AB  shift 54
	COR_AB  shift 13
	CHAR  shift 55
	IDENT  shift 74
	OP_MENOS  shift 57
	BOOL_NOT  shift 58
	RES_INT  shift 15
	RES_F32  shift 16
	RES_CHAR  shift 17
	RES_STRUCT  shift 18
	.  error

	tipo  goto 65
	expresion  goto 131


state 101
	expresion : expresion BOOL_OR . expresion  (55)

	CTE_ENTERA  shift 52
	CTE_DECIMAL  shift 53
	PAR_AB  shift 54
	COR_AB  shift 13
	CHAR  shift 55
	IDENT  shift 74
	OP_MENOS  shift 57
	BOOL_NOT  shift 58
	RES_INT  shift 15
	RES_F32  shift 16
	RES_CHAR  shift 17
	RES_STRUCT  shift 18
	.  error

	tipo  goto 65
	expresion  goto 132


state 102
	expresion : expresion SIM_PTO . IDENT  (73)

	IDENT  shift 133
	.  error


state 103
	sentencias : sentencias sentencia .  (37)

	.  reduce 37


state 104
	funcion : RES_FUNC IDENT PAR_AB parametrosopc PAR_CE tipo LLA_AB cuerpofuncion LLA_CE .  (12)

	.  reduce 12


state 105
	expresion : IDENT PAR_AB . expresiones PAR_CE  (69)
	expresion : IDENT PAR_AB . PAR_CE  (70)

	CTE_ENTERA  shift 52
	CTE_DECIMAL  shift 53
	PAR_AB  shift 54
	PAR_CE  shift 134
	COR_AB  shift 13
	CHAR  shift 55
	IDENT  shift 74
	OP_MENOS  shift 57
	BOOL_NOT  shift 58
	RES_INT  shift 15
	RES_F32  shift 16
	RES_CHAR  shift 17
	RES_STRUCT  shift 18
	.  error

	tipo  goto 65
	expresion  goto 108
	expresiones  goto 135


state 106
	expresion : PAR_AB expresion PAR_CE .  (64)

	.  reduce 64


state 107
	sentencia : IDENT PAR_AB PAR_CE . SIM_PC  (45)
	expresion : IDENT PAR_AB PAR_CE .  (70)

	SIM_PC  shift 136
	COR_AB  reduce 70
	OP_MAS  reduce 70
	OP_MENOS  reduce 70
	OP_MUL  reduce 70
	OP_DIV  reduce 70
	OP_MOD  reduce 70
	SIM_COMIG  reduce 70
	SIM_DIST  reduce 70
	SIM_MAIG  reduce 70
	SIM_MEIG  reduce 70
	SIM_IG  reduce 70
	SIM_MA  reduce 70
	SIM_ME  reduce 70
	BOOL_AND  reduce 70
	BOOL_OR  reduce 70
	SIM_PTO  reduce 70


state 108
	expresiones : expresion .  (48)
	expresion : expresion . OP_MAS expresion  (49)
	expresion : expresion . OP_MENOS expresion  (50)
	expresion : expresion . OP_MUL expresion  (51)
	expresion : expresion . OP_DIV expresion  (52)
	expresion : expresion . OP_MOD expresion  (53)
	expresion : expresion . BOOL_AND expresion  (54)
	expresion : expresion . BOOL_OR expresion  (55)
	expresion : expresion . SIM_MA expresion  (57)
	expresion : expresion . SIM_ME expresion  (58)
	expresion : expresion . SIM_MAIG expresion  (59)
	expresion : expresion . SIM_MEIG expresion  (60)
	expresion : expresion . SIM_DIST expresion  (61)
	expresion : expresion . SIM_COMIG expresion  (62)
	expresion : expresion . COR_AB expresion COR_CE  (72)
	expresion : expresion . SIM_PTO IDENT  (73)

	COR_AB  shift 87
	OP_MAS  shift 88
	OP_MENOS  shift 89
	OP_MUL  shift 90
	OP_DIV  shift 91
	OP_MOD  shift 92
	SIM_COMIG  shift 93
	SIM_DIST  shift 94
	SIM_MAIG  shift 95
	SIM_MEIG  shift 96
	SIM_MA  shift 98
	SIM_ME  shift 99
	BOOL_AND  shift 100
	BOOL_OR  shift 101
	SIM_PTO  shift 102
	PAR_CE  reduce 48
	SIM_CO  reduce 48


state 109
	sentencia : IDENT PAR_AB expresiones . PAR_CE SIM_PC  (46)
	expresiones : expresiones . SIM_CO expresion  (47)
	expresion : IDENT PAR_AB expresiones . PAR_CE  (69)

	PAR_CE  shift 137
	SIM_CO  shift 138
	.  error


state 110
	sentencia : RES_READ PAR_AB expresiones . PAR_CE SIM_PC  (40)
	expresiones : expresiones . SIM_CO expresion  (47)

	PAR_CE  shift 139
	SIM_CO  shift 138
	.  error


state 111
	sentencia : RES_WRITE PAR_AB expresiones . PAR_CE SIM_PC  (39)
	expresiones : expresiones . SIM_CO expresion  (47)

	PAR_CE  shift 140
	SIM_CO  shift 138
	.  error


state 112
	while : RES_WHILE PAR_AB expresion . PAR_CE LLA_AB sentencias LLA_CE  (28)
	expresion : expresion . OP_MAS expresion  (49)
	expresion : expresion . OP_MENOS expresion  (50)
	expresion : expresion . OP_MUL expresion  (51)
	expresion : expresion . OP_DIV expresion  (52)
	expresion : expresion . OP_MOD expresion  (53)
	expresion : expresion . BOOL_AND expresion  (54)
	expresion : expresion . BOOL_OR expresion  (55)
	expresion : expresion . SIM_MA expresion  (57)
	expresion : expresion . SIM_ME expresion  (58)
	expresion : expresion . SIM_MAIG expresion  (59)
	expresion : expresion . SIM_MEIG expresion  (60)
	expresion : expresion . SIM_DIST expresion  (61)
	expresion : expresion . SIM_COMIG expresion  (62)
	expresion : PAR_AB expresion . PAR_CE  (64)
	expresion : expresion . COR_AB expresion COR_CE  (72)
	expresion : expresion . SIM_PTO IDENT  (73)

	PAR_CE  shift 141
	COR_AB  shift 87
	OP_MAS  shift 88
	OP_MENOS  shift 89
	OP_MUL  shift 90
	OP_DIV  shift 91
	OP_MOD  shift 92
	SIM_COMIG  shift 93
	SIM_DIST  shift 94
	SIM_MAIG  shift 95
	SIM_MEIG  shift 96
	SIM_MA  shift 98
	SIM_ME  shift 99
	BOOL_AND  shift 100
	BOOL_OR  shift 101
	SIM_PTO  shift 102
	.  error


state 113
	while : RES_WHILE expresion LLA_AB . sentencias LLA_CE  (29)

	CTE_ENTERA  shift 52
	CTE_DECIMAL  shift 53
	PAR_AB  shift 54
	COR_AB  shift 13
	CHAR  shift 55
	IDENT  shift 56
	OP_MENOS  shift 57
	BOOL_NOT  shift 58
	RES_READ  shift 59
	RES_WRITE  shift 60
	RES_WHILE  shift 61
	RES_IF  shift 62
	RES_INT  shift 15
	RES_F32  shift 16
	RES_CHAR  shift 17
	RES_STRUCT  shift 18
	RES_RET  shift 63
	.  error

	tipo  goto 65
	while  goto 67
	expresion  goto 68
	sentencias  goto 142
	if  goto 70
	sentencia  goto 71


state 114
	if : RES_IF PAR_AB expresion . PAR_CE LLA_AB sentencias LLA_CE else  (30)
	expresion : expresion . OP_MAS expresion  (49)
	expresion : expresion . OP_MENOS expresion  (50)
	expresion : expresion . OP_MUL expresion  (51)
	expresion : expresion . OP_DIV expresion  (52)
	expresion : expresion . OP_MOD expresion  (53)
	expresion : expresion . BOOL_AND expresion  (54)
	expresion : expresion . BOOL_OR expresion  (55)
	expresion : expresion . SIM_MA expresion  (57)
	expresion : expresion . SIM_ME expresion  (58)
	expresion : expresion . SIM_MAIG expresion  (59)
	expresion : expresion . SIM_MEIG expresion  (60)
	expresion : expresion . SIM_DIST expresion  (61)
	expresion : expresion . SIM_COMIG expresion  (62)
	expresion : PAR_AB expresion . PAR_CE  (64)
	expresion : expresion . COR_AB expresion COR_CE  (72)
	expresion : expresion . SIM_PTO IDENT  (73)

	PAR_CE  shift 143
	COR_AB  shift 87
	OP_MAS  shift 88
	OP_MENOS  shift 89
	OP_MUL  shift 90
	OP_DIV  shift 91
	OP_MOD  shift 92
	SIM_COMIG  shift 93
	SIM_DIST  shift 94
	SIM_MAIG  shift 95
	SIM_MEIG  shift 96
	SIM_MA  shift 98
	SIM_ME  shift 99
	BOOL_AND  shift 100
	BOOL_OR  shift 101
	SIM_PTO  shift 102
	.  error


state 115
	if : RES_IF expresion LLA_AB . sentencias LLA_CE else  (31)

	CTE_ENTERA  shift 52
	CTE_DECIMAL  shift 53
	PAR_AB  shift 54
	COR_AB  shift 13
	CHAR  shift 55
	IDENT  shift 56
	OP_MENOS  shift 57
	BOOL_NOT  shift 58
	RES_READ  shift 59
	RES_WRITE  shift 60
	RES_WHILE  shift 61
	RES_IF  shift 62
	RES_INT  shift 15
	RES_F32  shift 16
	RES_CHAR  shift 17
	RES_STRUCT  shift 18
	RES_RET  shift 63
	.  error

	tipo  goto 65
	while  goto 67
	expresion  goto 68
	sentencias  goto 144
	if  goto 70
	sentencia  goto 71


state 116
	sentencia : RES_RET expresion SIM_PC .  (42)

	.  reduce 42


state 117
	expresion : expresion . OP_MAS expresion  (49)
	expresion : expresion . OP_MENOS expresion  (50)
	expresion : expresion . OP_MUL expresion  (51)
	expresion : expresion . OP_DIV expresion  (52)
	expresion : expresion . OP_MOD expresion  (53)
	expresion : expresion . BOOL_AND expresion  (54)
	expresion : expresion . BOOL_OR expresion  (55)
	expresion : expresion . SIM_MA expresion  (57)
	expresion : expresion . SIM_ME expresion  (58)
	expresion : expresion . SIM_MAIG expresion  (59)
	expresion : expresion . SIM_MEIG expresion  (60)
	expresion : expresion . SIM_DIST expresion  (61)
	expresion : expresion . SIM_COMIG expresion  (62)
	expresion : tipo PAR_AB expresion . PAR_CE  (71)
	expresion : expresion . COR_AB expresion COR_CE  (72)
	expresion : expresion . SIM_PTO IDENT  (73)

	PAR_CE  shift 145
	COR_AB  shift 87
	OP_MAS  shift 88
	OP_MENOS  shift 89
	OP_MUL  shift 90
	OP_DIV  shift 91
	OP_MOD  shift 92
	SIM_COMIG  shift 93
	SIM_DIST  shift 94
	SIM_MAIG  shift 95
	SIM_MEIG  shift 96
	SIM_MA  shift 98
	SIM_ME  shift 99
	BOOL_AND  shift 100
	BOOL_OR  shift 101
	SIM_PTO  shift 102
	.  error


state 118
	expresion : expresion . OP_MAS expresion  (49)
	expresion : expresion . OP_MENOS expresion  (50)
	expresion : expresion . OP_MUL expresion  (51)
	expresion : expresion . OP_DIV expresion  (52)
	expresion : expresion . OP_MOD expresion  (53)
	expresion : expresion . BOOL_AND expresion  (54)
	expresion : expresion . BOOL_OR expresion  (55)
	expresion : expresion . SIM_MA expresion  (57)
	expresion : expresion . SIM_ME expresion  (58)
	expresion : expresion . SIM_MAIG expresion  (59)
	expresion : expresion . SIM_MEIG expresion  (60)
	expresion : expresion . SIM_DIST expresion  (61)
	expresion : expresion . SIM_COMIG expresion  (62)
	expresion : expresion . COR_AB expresion COR_CE  (72)
	expresion : expresion COR_AB expresion . COR_CE  (72)
	expresion : expresion . SIM_PTO IDENT  (73)

	COR_AB  shift 87
	COR_CE  shift 146
	OP_MAS  shift 88
	OP_MENOS  shift 89
	OP_MUL  shift 90
	OP_DIV  shift 91
	OP_MOD  shift 92
	SIM_COMIG  shift 93
	SIM_DIST  shift 94
	SIM_MAIG  shift 95
	SIM_MEIG  shift 96
	SIM_MA  shift 98
	SIM_ME  shift 99
	BOOL_AND  shift 100
	BOOL_OR  shift 101
	SIM_PTO  shift 102
	.  error


state 119
	expresion : expresion . OP_MAS expresion  (49)
	expresion : expresion OP_MAS expresion .  (49)
	expresion : expresion . OP_MENOS expresion  (50)
	expresion : expresion . OP_MUL expresion  (51)
	expresion : expresion . OP_DIV expresion  (52)
	expresion : expresion . OP_MOD expresion  (53)
	expresion : expresion . BOOL_AND expresion  (54)
	expresion : expresion . BOOL_OR expresion  (55)
	expresion : expresion . SIM_MA expresion  (57)
	expresion : expresion . SIM_ME expresion  (58)
	expresion : expresion . SIM_MAIG expresion  (59)
	expresion : expresion . SIM_MEIG expresion  (60)
	expresion : expresion . SIM_DIST expresion  (61)
	expresion : expresion . SIM_COMIG expresion  (62)
	expresion : expresion . COR_AB expresion COR_CE  (72)
	expresion : expresion . SIM_PTO IDENT  (73)

	COR_AB  shift 87
	OP_MUL  shift 90
	OP_DIV  shift 91
	OP_MOD  shift 92
	SIM_PTO  shift 102
	LLA_AB  reduce 49
	PAR_CE  reduce 49
	COR_CE  reduce 49
	OP_MAS  reduce 49
	OP_MENOS  reduce 49
	SIM_COMIG  reduce 49
	SIM_DIST  reduce 49
	SIM_MAIG  reduce 49
	SIM_MEIG  reduce 49
	SIM_IG  reduce 49
	SIM_CO  reduce 49
	SIM_MA  reduce 49
	SIM_PC  reduce 49
	SIM_ME  reduce 49
	BOOL_AND  reduce 49
	BOOL_OR  reduce 49


state 120
	expresion : expresion . OP_MAS expresion  (49)
	expresion : expresion . OP_MENOS expresion  (50)
	expresion : expresion OP_MENOS expresion .  (50)
	expresion : expresion . OP_MUL expresion  (51)
	expresion : expresion . OP_DIV expresion  (52)
	expresion : expresion . OP_MOD expresion  (53)
	expresion : expresion . BOOL_AND expresion  (54)
	expresion : expresion . BOOL_OR expresion  (55)
	expresion : expresion . SIM_MA expresion  (57)
	expresion : expresion . SIM_ME expresion  (58)
	expresion : expresion . SIM_MAIG expresion  (59)
	expresion : expresion . SIM_MEIG expresion  (60)
	expresion : expresion . SIM_DIST expresion  (61)
	expresion : expresion . SIM_COMIG expresion  (62)
	expresion : expresion . COR_AB expresion COR_CE  (72)
	expresion : expresion . SIM_PTO IDENT  (73)

	COR_AB  shift 87
	OP_MUL  shift 90
	OP_DIV  shift 91
	OP_MOD  shift 92
	SIM_PTO  shift 102
	LLA_AB  reduce 50
	PAR_CE  reduce 50
	COR_CE  reduce 50
	OP_MAS  reduce 50
	OP_MENOS  reduce 50
	SIM_COMIG  reduce 50
	SIM_DIST  reduce 50
	SIM_MAIG  reduce 50
	SIM_MEIG  reduce 50
	SIM_IG  reduce 50
	SIM_CO  reduce 50
	SIM_MA  reduce 50
	SIM_PC  reduce 50
	SIM_ME  reduce 50
	BOOL_AND  reduce 50
	BOOL_OR  reduce 50


state 121
	expresion : expresion . OP_MAS expresion  (49)
	expresion : expresion . OP_MENOS expresion  (50)
	expresion : expresion . OP_MUL expresion  (51)
	expresion : expresion OP_MUL expresion .  (51)
	expresion : expresion . OP_DIV expresion  (52)
	expresion : expresion . OP_MOD expresion  (53)
	expresion : expresion . BOOL_AND expresion  (54)
	expresion : expresion . BOOL_OR expresion  (55)
	expresion : expresion . SIM_MA expresion  (57)
	expresion : expresion . SIM_ME expresion  (58)
	expresion : expresion . SIM_MAIG expresion  (59)
	expresion : expresion . SIM_MEIG expresion  (60)
	expresion : expresion . SIM_DIST expresion  (61)
	expresion : expresion . SIM_COMIG expresion  (62)
	expresion : expresion . COR_AB expresion COR_CE  (72)
	expresion : expresion . SIM_PTO IDENT  (73)

	COR_AB  shift 87
	SIM_PTO  shift 102
	LLA_AB  reduce 51
	PAR_CE  reduce 51
	COR_CE  reduce 51
	OP_MAS  reduce 51
	OP_MENOS  reduce 51
	OP_MUL  reduce 51
	OP_DIV  reduce 51
	OP_MOD  reduce 51
	SIM_COMIG  reduce 51
	SIM_DIST  reduce 51
	SIM_MAIG  reduce 51
	SIM_MEIG  reduce 51
	SIM_IG  reduce 51
	SIM_CO  reduce 51
	SIM_MA  reduce 51
	SIM_PC  reduce 51
	SIM_ME  reduce 51
	BOOL_AND  reduce 51
	BOOL_OR  reduce 51


state 122
	expresion : expresion . OP_MAS expresion  (49)
	expresion : expresion . OP_MENOS expresion  (50)
	expresion : expresion . OP_MUL expresion  (51)
	expresion : expresion . OP_DIV expresion  (52)
	expresion : expresion OP_DIV expresion .  (52)
	expresion : expresion . OP_MOD expresion  (53)
	expresion : expresion . BOOL_AND expresion  (54)
	expresion : expresion . BOOL_OR expresion  (55)
	expresion : expresion . SIM_MA expresion  (57)
	expresion : expresion . SIM_ME expresion  (58)
	expresion : expresion . SIM_MAIG expresion  (59)
	expresion : expresion . SIM_MEIG expresion  (60)
	expresion : expresion . SIM_DIST expresion  (61)
	expresion : expresion . SIM_COMIG expresion  (62)
	expresion : expresion . COR_AB expresion COR_CE  (72)
	expresion : expresion . SIM_PTO IDENT  (73)

	COR_AB  shift 87
	SIM_PTO  shift 102
	LLA_AB  reduce 52
	PAR_CE  reduce 52
	COR_CE  reduce 52
	OP_MAS  reduce 52
	OP_MENOS  reduce 52
	OP_MUL  reduce 52
	OP_DIV  reduce 52
	OP_MOD  reduce 52
	SIM_COMIG  reduce 52
	SIM_DIST  reduce 52
	SIM_MAIG  reduce 52
	SIM_MEIG  reduce 52
	SIM_IG  reduce 52
	SIM_CO  reduce 52
	SIM_MA  reduce 52
	SIM_PC  reduce 52
	SIM_ME  reduce 52
	BOOL_AND  reduce 52
	BOOL_OR  reduce 52


state 123
	expresion : expresion . OP_MAS expresion  (49)
	expresion : expresion . OP_MENOS expresion  (50)
	expresion : expresion . OP_MUL expresion  (51)
	expresion : expresion . OP_DIV expresion  (52)
	expresion : expresion . OP_MOD expresion  (53)
	expresion : expresion OP_MOD expresion .  (53)
	expresion : expresion . BOOL_AND expresion  (54)
	expresion : expresion . BOOL_OR expresion  (55)
	expresion : expresion . SIM_MA expresion  (57)
	expresion : expresion . SIM_ME expresion  (58)
	expresion : expresion . SIM_MAIG expresion  (59)
	expresion : expresion . SIM_MEIG expresion  (60)
	expresion : expresion . SIM_DIST expresion  (61)
	expresion : expresion . SIM_COMIG expresion  (62)
	expresion : expresion . COR_AB expresion COR_CE  (72)
	expresion : expresion . SIM_PTO IDENT  (73)

	COR_AB  shift 87
	SIM_PTO  shift 102
	LLA_AB  reduce 53
	PAR_CE  reduce 53
	COR_CE  reduce 53
	OP_MAS  reduce 53
	OP_MENOS  reduce 53
	OP_MUL  reduce 53
	OP_DIV  reduce 53
	OP_MOD  reduce 53
	SIM_COMIG  reduce 53
	SIM_DIST  reduce 53
	SIM_MAIG  reduce 53
	SIM_MEIG  reduce 53
	SIM_IG  reduce 53
	SIM_CO  reduce 53
	SIM_MA  reduce 53
	SIM_PC  reduce 53
	SIM_ME  reduce 53
	BOOL_AND  reduce 53
	BOOL_OR  reduce 53


state 124
	expresion : expresion . OP_MAS expresion  (49)
	expresion : expresion . OP_MENOS expresion  (50)
	expresion : expresion . OP_MUL expresion  (51)
	expresion : expresion . OP_DIV expresion  (52)
	expresion : expresion . OP_MOD expresion  (53)
	expresion : expresion . BOOL_AND expresion  (54)
	expresion : expresion . BOOL_OR expresion  (55)
	expresion : expresion . SIM_MA expresion  (57)
	expresion : expresion . SIM_ME expresion  (58)
	expresion : expresion . SIM_MAIG expresion  (59)
	expresion : expresion . SIM_MEIG expresion  (60)
	expresion : expresion . SIM_DIST expresion  (61)
	expresion : expresion . SIM_COMIG expresion  (62)
	expresion : expresion SIM_COMIG expresion .  (62)
	expresion : expresion . COR_AB expresion COR_CE  (72)
	expresion : expresion . SIM_PTO IDENT  (73)

	COR_AB  shift 87
	OP_MAS  shift 88
	OP_MENOS  shift 89
	OP_MUL  shift 90
	OP_DIV  shift 91
	OP_MOD  shift 92
	SIM_PTO  shift 102
	LLA_AB  reduce 62
	PAR_CE  reduce 62
	COR_CE  reduce 62
	SIM_COMIG  reduce 62
	SIM_DIST  reduce 62
	SIM_MAIG  reduce 62
	SIM_MEIG  reduce 62
	SIM_IG  reduce 62
	SIM_CO  reduce 62
	SIM_MA  reduce 62
	SIM_PC  reduce 62
	SIM_ME  reduce 62
	BOOL_AND  reduce 62
	BOOL_OR  reduce 62


state 125
	expresion : expresion . OP_MAS expresion  (49)
	expresion : expresion . OP_MENOS expresion  (50)
	expresion : expresion . OP_MUL expresion  (51)
	expresion : expresion . OP_DIV expresion  (52)
	expresion : expresion . OP_MOD expresion  (53)
	expresion : expresion . BOOL_AND expresion  (54)
	expresion : expresion . BOOL_OR expresion  (55)
	expresion : expresion . SIM_MA expresion  (57)
	expresion : expresion . SIM_ME expresion  (58)
	expresion : expresion . SIM_MAIG expresion  (59)
	expresion : expresion . SIM_MEIG expresion  (60)
	expresion : expresion . SIM_DIST expresion  (61)
	expresion : expresion SIM_DIST expresion .  (61)
	expresion : expresion . SIM_COMIG expresion  (62)
	expresion : expresion . COR_AB expresion COR_CE  (72)
	expresion : expresion . SIM_PTO IDENT  (73)

	COR_AB  shift 87
	OP_MAS  shift 88
	OP_MENOS  shift 89
	OP_MUL  shift 90
	OP_DIV  shift 91
	OP_MOD  shift 92
	SIM_PTO  shift 102
	LLA_AB  reduce 61
	PAR_CE  reduce 61
	COR_CE  reduce 61
	SIM_COMIG  reduce 61
	SIM_DIST  reduce 61
	SIM_MAIG  reduce 61
	SIM_MEIG  reduce 61
	SIM_IG  reduce 61
	SIM_CO  reduce 61
	SIM_MA  reduce 61
	SIM_PC  reduce 61
	SIM_ME  reduce 61
	BOOL_AND  reduce 61
	BOOL_OR  reduce 61


state 126
	expresion : expresion . OP_MAS expresion  (49)
	expresion : expresion . OP_MENOS expresion  (50)
	expresion : expresion . OP_MUL expresion  (51)
	expresion : expresion . OP_DIV expresion  (52)
	expresion : expresion . OP_MOD expresion  (53)
	expresion : expresion . BOOL_AND expresion  (54)
	expresion : expresion . BOOL_OR expresion  (55)
	expresion : expresion . SIM_MA expresion  (57)
	expresion : expresion . SIM_ME expresion  (58)
	expresion : expresion . SIM_MAIG expresion  (59)
	expresion : expresion SIM_MAIG expresion .  (59)
	expresion : expresion . SIM_MEIG expresion  (60)
	expresion : expresion . SIM_DIST expresion  (61)
	expresion : expresion . SIM_COMIG expresion  (62)
	expresion : expresion . COR_AB expresion COR_CE  (72)
	expresion : expresion . SIM_PTO IDENT  (73)

	COR_AB  shift 87
	OP_MAS  shift 88
	OP_MENOS  shift 89
	OP_MUL  shift 90
	OP_DIV  shift 91
	OP_MOD  shift 92
	SIM_PTO  shift 102
	LLA_AB  reduce 59
	PAR_CE  reduce 59
	COR_CE  reduce 59
	SIM_COMIG  reduce 59
	SIM_DIST  reduce 59
	SIM_MAIG  reduce 59
	SIM_MEIG  reduce 59
	SIM_IG  reduce 59
	SIM_CO  reduce 59
	SIM_MA  reduce 59
	SIM_PC  reduce 59
	SIM_ME  reduce 59
	BOOL_AND  reduce 59
	BOOL_OR  reduce 59


state 127
	expresion : expresion . OP_MAS expresion  (49)
	expresion : expresion . OP_MENOS expresion  (50)
	expresion : expresion . OP_MUL expresion  (51)
	expresion : expresion . OP_DIV expresion  (52)
	expresion : expresion . OP_MOD expresion  (53)
	expresion : expresion . BOOL_AND expresion  (54)
	expresion : expresion . BOOL_OR expresion  (55)
	expresion : expresion . SIM_MA expresion  (57)
	expresion : expresion . SIM_ME expresion  (58)
	expresion : expresion . SIM_MAIG expresion  (59)
	expresion : expresion . SIM_MEIG expresion  (60)
	expresion : expresion SIM_MEIG expresion .  (60)
	expresion : expresion . SIM_DIST expresion  (61)
	expresion : expresion . SIM_COMIG expresion  (62)
	expresion : expresion . COR_AB expresion COR_CE  (72)
	expresion : expresion . SIM_PTO IDENT  (73)

	COR_AB  shift 87
	OP_MAS  shift 88
	OP_MENOS  shift 89
	OP_MUL  shift 90
	OP_DIV  shift 91
	OP_MOD  shift 92
	SIM_PTO  shift 102
	LLA_AB  reduce 60
	PAR_CE  reduce 60
	COR_CE  reduce 60
	SIM_COMIG  reduce 60
	SIM_DIST  reduce 60
	SIM_MAIG  reduce 60
	SIM_MEIG  reduce 60
	SIM_IG  reduce 60
	SIM_CO  reduce 60
	SIM_MA  reduce 60
	SIM_PC  reduce 60
	SIM_ME  reduce 60
	BOOL_AND  reduce 60
	BOOL_OR  reduce 60


state 128
	sentencia : expresion SIM_IG expresion . SIM_PC  (41)
	expresion : expresion . OP_MAS expresion  (49)
	expresion : expresion . OP_MENOS expresion  (50)
	expresion : expresion . OP_MUL expresion  (51)
	expresion : expresion . OP_DIV expresion  (52)
	expresion : expresion . OP_MOD expresion  (53)
	expresion : expresion . BOOL_AND expresion  (54)
	expresion : expresion . BOOL_OR expresion  (55)
	expresion : expresion . SIM_MA expresion  (57)
	expresion : expresion . SIM_ME expresion  (58)
	expresion : expresion . SIM_MAIG expresion  (59)
	expresion : expresion . SIM_MEIG expresion  (60)
	expresion : expresion . SIM_DIST expresion  (61)
	expresion : expresion . SIM_COMIG expresion  (62)
	expresion : expresion . COR_AB expresion COR_CE  (72)
	expresion : expresion . SIM_PTO IDENT  (73)

	COR_AB  shift 87
	OP_MAS  shift 88
	OP_MENOS  shift 89
	OP_MUL  shift 90
	OP_DIV  shift 91
	OP_MOD  shift 92
	SIM_COMIG  shift 93
	SIM_DIST  shift 94
	SIM_MAIG  shift 95
	SIM_MEIG  shift 96
	SIM_MA  shift 98
	SIM_PC  shift 147
	SIM_ME  shift 99
	BOOL_AND  shift 100
	BOOL_OR  shift 101
	SIM_PTO  shift 102
	.  error


state 129
	expresion : expresion . OP_MAS expresion  (49)
	expresion : expresion . OP_MENOS expresion  (50)
	expresion : expresion . OP_MUL expresion  (51)
	expresion : expresion . OP_DIV expresion  (52)
	expresion : expresion . OP_MOD expresion  (53)
	expresion : expresion . BOOL_AND expresion  (54)
	expresion : expresion . BOOL_OR expresion  (55)
	expresion : expresion . SIM_MA expresion  (57)
	expresion : expresion SIM_MA expresion .  (57)
	expresion : expresion . SIM_ME expresion  (58)
	expresion : expresion . SIM_MAIG expresion  (59)
	expresion : expresion . SIM_MEIG expresion  (60)
	expresion : expresion . SIM_DIST expresion  (61)
	expresion : expresion . SIM_COMIG expresion  (62)
	expresion : expresion . COR_AB expresion COR_CE  (72)
	expresion : expresion . SIM_PTO IDENT  (73)

	COR_AB  shift 87
	OP_MAS  shift 88
	OP_MENOS  shift 89
	OP_MUL  shift 90
	OP_DIV  shift 91
	OP_MOD  shift 92
	SIM_PTO  shift 102
	LLA_AB  reduce 57
	PAR_CE  reduce 57
	COR_CE  reduce 57
	SIM_COMIG  reduce 57
	SIM_DIST  reduce 57
	SIM_MAIG  reduce 57
	SIM_MEIG  reduce 57
	SIM_IG  reduce 57
	SIM_CO  reduce 57
	SIM_MA  reduce 57
	SIM_PC  reduce 57
	SIM_ME  reduce 57
	BOOL_AND  reduce 57
	BOOL_OR  reduce 57


state 130
	expresion : expresion . OP_MAS expresion  (49)
	expresion : expresion . OP_MENOS expresion  (50)
	expresion : expresion . OP_MUL expresion  (51)
	expresion : expresion . OP_DIV expresion  (52)
	expresion : expresion . OP_MOD expresion  (53)
	expresion : expresion . BOOL_AND expresion  (54)
	expresion : expresion . BOOL_OR expresion  (55)
	expresion : expresion . SIM_MA expresion  (57)
	expresion : expresion . SIM_ME expresion  (58)
	expresion : expresion SIM_ME expresion .  (58)
	expresion : expresion . SIM_MAIG expresion  (59)
	expresion : expresion . SIM_MEIG expresion  (60)
	expresion : expresion . SIM_DIST expresion  (61)
	expresion : expresion . SIM_COMIG expresion  (62)
	expresion : expresion . COR_AB expresion COR_CE  (72)
	expresion : expresion . SIM_PTO IDENT  (73)

	COR_AB  shift 87
	OP_MAS  shift 88
	OP_MENOS  shift 89
	OP_MUL  shift 90
	OP_DIV  shift 91
	OP_MOD  shift 92
	SIM_PTO  shift 102
	LLA_AB  reduce 58
	PAR_CE  reduce 58
	COR_CE  reduce 58
	SIM_COMIG  reduce 58
	SIM_DIST  reduce 58
	SIM_MAIG  reduce 58
	SIM_MEIG  reduce 58
	SIM_IG  reduce 58
	SIM_CO  reduce 58
	SIM_MA  reduce 58
	SIM_PC  reduce 58
	SIM_ME  reduce 58
	BOOL_AND  reduce 58
	BOOL_OR  reduce 58


state 131
	expresion : expresion . OP_MAS expresion  (49)
	expresion : expresion . OP_MENOS expresion  (50)
	expresion : expresion . OP_MUL expresion  (51)
	expresion : expresion . OP_DIV expresion  (52)
	expresion : expresion . OP_MOD expresion  (53)
	expresion : expresion . BOOL_AND expresion  (54)
	expresion : expresion BOOL_AND expresion .  (54)
	expresion : expresion . BOOL_OR expresion  (55)
	expresion : expresion . SIM_MA expresion  (57)
	expresion : expresion . SIM_ME expresion  (58)
	expresion : expresion . SIM_MAIG expresion  (59)
	expresion : expresion . SIM_MEIG expresion  (60)
	expresion : expresion . SIM_DIST expresion  (61)
	expresion : expresion . SIM_COMIG expresion  (62)
	expresion : expresion . COR_AB expresion COR_CE  (72)
	expresion : expresion . SIM_PTO IDENT  (73)

	COR_AB  shift 87
	OP_MAS  shift 88
	OP_MENOS  shift 89
	OP_MUL  shift 90
	OP_DIV  shift 91
	OP_MOD  shift 92
	SIM_COMIG  shift 93
	SIM_DIST  shift 94
	SIM_MAIG  shift 95
	SIM_MEIG  shift 96
	SIM_MA  shift 98
	SIM_ME  shift 99
	SIM_PTO  shift 102
	LLA_AB  reduce 54
	PAR_CE  reduce 54
	COR_CE  reduce 54
	SIM_IG  reduce 54
	SIM_CO  reduce 54
	SIM_PC  reduce 54
	BOOL_AND  reduce 54
	BOOL_OR  reduce 54


state 132
	expresion : expresion . OP_MAS expresion  (49)
	expresion : expresion . OP_MENOS expresion  (50)
	expresion : expresion . OP_MUL expresion  (51)
	expresion : expresion . OP_DIV expresion  (52)
	expresion : expresion . OP_MOD expresion  (53)
	expresion : expresion . BOOL_AND expresion  (54)
	expresion : expresion . BOOL_OR expresion  (55)
	expresion : expresion BOOL_OR expresion .  (55)
	expresion : expresion . SIM_MA expresion  (57)
	expresion : expresion . SIM_ME expresion  (58)
	expresion : expresion . SIM_MAIG expresion  (59)
	expresion : expresion . SIM_MEIG expresion  (60)
	expresion : expresion . SIM_DIST expresion  (61)
	expresion : expresion . SIM_COMIG expresion  (62)
	expresion : expresion . COR_AB expresion COR_CE  (72)
	expresion : expresion . SIM_PTO IDENT  (73)

	COR_AB  shift 87
	OP_MAS  shift 88
	OP_MENOS  shift 89
	OP_MUL  shift 90
	OP_DIV  shift 91
	OP_MOD  shift 92
	SIM_COMIG  shift 93
	SIM_DIST  shift 94
	SIM_MAIG  shift 95
	SIM_MEIG  shift 96
	SIM_MA  shift 98
	SIM_ME  shift 99
	SIM_PTO  shift 102
	LLA_AB  reduce 55
	PAR_CE  reduce 55
	COR_CE  reduce 55
	SIM_IG  reduce 55
	SIM_CO  reduce 55
	SIM_PC  reduce 55
	BOOL_AND  reduce 55
	BOOL_OR  reduce 55


state 133
	expresion : expresion SIM_PTO IDENT .  (73)

	.  reduce 73


state 134
	expresion : IDENT PAR_AB PAR_CE .  (70)

	.  reduce 70


state 135
	expresiones : expresiones . SIM_CO expresion  (47)
	expresion : IDENT PAR_AB expresiones . PAR_CE  (69)

	PAR_CE  shift 148
	SIM_CO  shift 138
	.  error


state 136
	sentencia : IDENT PAR_AB PAR_CE SIM_PC .  (45)

	.  reduce 45


state 137
	sentencia : IDENT PAR_AB expresiones PAR_CE . SIM_PC  (46)
	expresion : IDENT PAR_AB expresiones PAR_CE .  (69)

	SIM_PC  shift 149
	COR_AB  reduce 69
	OP_MAS  reduce 69
	OP_MENOS  reduce 69
	OP_MUL  reduce 69
	OP_DIV  reduce 69
	OP_MOD  reduce 69
	SIM_COMIG  reduce 69
	SIM_DIST  reduce 69
	SIM_MAIG  reduce 69
	SIM_MEIG  reduce 69
	SIM_IG  reduce 69
	SIM_MA  reduce 69
	SIM_ME  reduce 69
	BOOL_AND  reduce 69
	BOOL_OR  reduce 69
	SIM_PTO  reduce 69


state 138
	expresiones : expresiones SIM_CO . expresion  (47)

	CTE_ENTERA  shift 52
	CTE_DECIMAL  shift 53
	PAR_AB  shift 54
	COR_AB  shift 13
	CHAR  shift 55
	IDENT  shift 74
	OP_MENOS  shift 57
	BOOL_NOT  shift 58
	RES_INT  shift 15
	RES_F32  shift 16
	RES_CHAR  shift 17
	RES_STRUCT  shift 18
	.  error

	tipo  goto 65
	expresion  goto 150


state 139
	sentencia : RES_READ PAR_AB expresiones PAR_CE . SIM_PC  (40)

	SIM_PC  shift 151
	.  error


state 140
	sentencia : RES_WRITE PAR_AB expresiones PAR_CE . SIM_PC  (39)

	SIM_PC  shift 152
	.  error


state 141
	while : RES_WHILE PAR_AB expresion PAR_CE . LLA_AB sentencias LLA_CE  (28)
	expresion : PAR_AB expresion PAR_CE .  (64)

	LLA_AB  shift 153
	COR_AB  reduce 64
	OP_MAS  reduce 64
	OP_MENOS  reduce 64
	OP_MUL  reduce 64
	OP_DIV  reduce 64
	OP_MOD  reduce 64
	SIM_COMIG  reduce 64
	SIM_DIST  reduce 64
	SIM_MAIG  reduce 64
	SIM_MEIG  reduce 64
	SIM_MA  reduce 64
	SIM_ME  reduce 64
	BOOL_AND  reduce 64
	BOOL_OR  reduce 64
	SIM_PTO  reduce 64


state 142
	while : RES_WHILE expresion LLA_AB sentencias . LLA_CE  (29)
	sentencias : sentencias . sentencia  (37)

	CTE_ENTERA  shift 52
	CTE_DECIMAL  shift 53
	LLA_CE  shift 154
	PAR_AB  shift 54
	COR_AB  shift 13
	CHAR  shift 55
	IDENT  shift 56
	OP_MENOS  shift 57
	BOOL_NOT  shift 58
	RES_READ  shift 59
	RES_WRITE  shift 60
	RES_WHILE  shift 61
	RES_IF  shift 62
	RES_INT  shift 15
	RES_F32  shift 16
	RES_CHAR  shift 17
	RES_STRUCT  shift 18
	RES_RET  shift 63
	.  error

	tipo  goto 65
	while  goto 67
	expresion  goto 68
	if  goto 70
	sentencia  goto 103


state 143
	if : RES_IF PAR_AB expresion PAR_CE . LLA_AB sentencias LLA_CE else  (30)
	expresion : PAR_AB expresion PAR_CE .  (64)

	LLA_AB  shift 155
	COR_AB  reduce 64
	OP_MAS  reduce 64
	OP_MENOS  reduce 64
	OP_MUL  reduce 64
	OP_DIV  reduce 64
	OP_MOD  reduce 64
	SIM_COMIG  reduce 64
	SIM_DIST  reduce 64
	SIM_MAIG  reduce 64
	SIM_MEIG  reduce 64
	SIM_MA  reduce 64
	SIM_ME  reduce 64
	BOOL_AND  reduce 64
	BOOL_OR  reduce 64
	SIM_PTO  reduce 64


state 144
	if : RES_IF expresion LLA_AB sentencias . LLA_CE else  (31)
	sentencias : sentencias . sentencia  (37)

	CTE_ENTERA  shift 52
	CTE_DECIMAL  shift 53
	LLA_CE  shift 156
	PAR_AB  shift 54
	COR_AB  shift 13
	CHAR  shift 55
	IDENT  shift 56
	OP_MENOS  shift 57
	BOOL_NOT  shift 58
	RES_READ  shift 59
	RES_WRITE  shift 60
	RES_WHILE  shift 61
	RES_IF  shift 62
	RES_INT  shift 15
	RES_F32  shift 16
	RES_CHAR  shift 17
	RES_STRUCT  shift 18
	RES_RET  shift 63
	.  error

	tipo  goto 65
	while  goto 67
	expresion  goto 68
	if  goto 70
	sentencia  goto 103


state 145
	expresion : tipo PAR_AB expresion PAR_CE .  (71)

	.  reduce 71


state 146
	expresion : expresion COR_AB expresion COR_CE .  (72)

	.  reduce 72


state 147
	sentencia : expresion SIM_IG expresion SIM_PC .  (41)

	.  reduce 41


state 148
	expresion : IDENT PAR_AB expresiones PAR_CE .  (69)

	.  reduce 69


state 149
	sentencia : IDENT PAR_AB expresiones PAR_CE SIM_PC .  (46)

	.  reduce 46


state 150
	expresiones : expresiones SIM_CO expresion .  (47)
	expresion : expresion . OP_MAS expresion  (49)
	expresion : expresion . OP_MENOS expresion  (50)
	expresion : expresion . OP_MUL expresion  (51)
	expresion : expresion . OP_DIV expresion  (52)
	expresion : expresion . OP_MOD expresion  (53)
	expresion : expresion . BOOL_AND expresion  (54)
	expresion : expresion . BOOL_OR expresion  (55)
	expresion : expresion . SIM_MA expresion  (57)
	expresion : expresion . SIM_ME expresion  (58)
	expresion : expresion . SIM_MAIG expresion  (59)
	expresion : expresion . SIM_MEIG expresion  (60)
	expresion : expresion . SIM_DIST expresion  (61)
	expresion : expresion . SIM_COMIG expresion  (62)
	expresion : expresion . COR_AB expresion COR_CE  (72)
	expresion : expresion . SIM_PTO IDENT  (73)

	COR_AB  shift 87
	OP_MAS  shift 88
	OP_MENOS  shift 89
	OP_MUL  shift 90
	OP_DIV  shift 91
	OP_MOD  shift 92
	SIM_COMIG  shift 93
	SIM_DIST  shift 94
	SIM_MAIG  shift 95
	SIM_MEIG  shift 96
	SIM_MA  shift 98
	SIM_ME  shift 99
	BOOL_AND  shift 100
	BOOL_OR  shift 101
	SIM_PTO  shift 102
	PAR_CE  reduce 47
	SIM_CO  reduce 47


state 151
	sentencia : RES_READ PAR_AB expresiones PAR_CE SIM_PC .  (40)

	.  reduce 40


state 152
	sentencia : RES_WRITE PAR_AB expresiones PAR_CE SIM_PC .  (39)

	.  reduce 39


state 153
	while : RES_WHILE PAR_AB expresion PAR_CE LLA_AB . sentencias LLA_CE  (28)

	CTE_ENTERA  shift 52
	CTE_DECIMAL  shift 53
	PAR_AB  shift 54
	COR_AB  shift 13
	CHAR  shift 55
	IDENT  shift 56
	OP_MENOS  shift 57
	BOOL_NOT  shift 58
	RES_READ  shift 59
	RES_WRITE  shift 60
	RES_WHILE  shift 61
	RES_IF  shift 62
	RES_INT  shift 15
	RES_F32  shift 16
	RES_CHAR  shift 17
	RES_STRUCT  shift 18
	RES_RET  shift 63
	.  error

	tipo  goto 65
	while  goto 67
	expresion  goto 68
	sentencias  goto 157
	if  goto 70
	sentencia  goto 71


state 154
	while : RES_WHILE expresion LLA_AB sentencias LLA_CE .  (29)

	.  reduce 29


state 155
	if : RES_IF PAR_AB expresion PAR_CE LLA_AB . sentencias LLA_CE else  (30)

	CTE_ENTERA  shift 52
	CTE_DECIMAL  shift 53
	PAR_AB  shift 54
	COR_AB  shift 13
	CHAR  shift 55
	IDENT  shift 56
	OP_MENOS  shift 57
	BOOL_NOT  shift 58
	RES_READ  shift 59
	RES_WRITE  shift 60
	RES_WHILE  shift 61
	RES_IF  shift 62
	RES_INT  shift 15
	RES_F32  shift 16
	RES_CHAR  shift 17
	RES_STRUCT  shift 18
	RES_RET  shift 63
	.  error

	tipo  goto 65
	while  goto 67
	expresion  goto 68
	sentencias  goto 158
	if  goto 70
	sentencia  goto 71


state 156
	if : RES_IF expresion LLA_AB sentencias LLA_CE . else  (31)
	else : .  (34)

	RES_ELSE  shift 159
	CTE_ENTERA  reduce 34
	CTE_DECIMAL  reduce 34
	LLA_CE  reduce 34
	PAR_AB  reduce 34
	COR_AB  reduce 34
	CHAR  reduce 34
	IDENT  reduce 34
	OP_MENOS  reduce 34
	BOOL_NOT  reduce 34
	RES_READ  reduce 34
	RES_WRITE  reduce 34
	RES_WHILE  reduce 34
	RES_IF  reduce 34
	RES_INT  reduce 34
	RES_F32  reduce 34
	RES_CHAR  reduce 34
	RES_STRUCT  reduce 34
	RES_RET  reduce 34

	else  goto 160


state 157
	while : RES_WHILE PAR_AB expresion PAR_CE LLA_AB sentencias . LLA_CE  (28)
	sentencias : sentencias . sentencia  (37)

	CTE_ENTERA  shift 52
	CTE_DECIMAL  shift 53
	LLA_CE  shift 161
	PAR_AB  shift 54
	COR_AB  shift 13
	CHAR  shift 55
	IDENT  shift 56
	OP_MENOS  shift 57
	BOOL_NOT  shift 58
	RES_READ  shift 59
	RES_WRITE  shift 60
	RES_WHILE  shift 61
	RES_IF  shift 62
	RES_INT  shift 15
	RES_F32  shift 16
	RES_CHAR  shift 17
	RES_STRUCT  shift 18
	RES_RET  shift 63
	.  error

	tipo  goto 65
	while  goto 67
	expresion  goto 68
	if  goto 70
	sentencia  goto 103


state 158
	if : RES_IF PAR_AB expresion PAR_CE LLA_AB sentencias . LLA_CE else  (30)
	sentencias : sentencias . sentencia  (37)

	CTE_ENTERA  shift 52
	CTE_DECIMAL  shift 53
	LLA_CE  shift 162
	PAR_AB  shift 54
	COR_AB  shift 13
	CHAR  shift 55
	IDENT  shift 56
	OP_MENOS  shift 57
	BOOL_NOT  shift 58
	RES_READ  shift 59
	RES_WRITE  shift 60
	RES_WHILE  shift 61
	RES_IF  shift 62
	RES_INT  shift 15
	RES_F32  shift 16
	RES_CHAR  shift 17
	RES_STRUCT  shift 18
	RES_RET  shift 63
	.  error

	tipo  goto 65
	while  goto 67
	expresion  goto 68
	if  goto 70
	sentencia  goto 103


state 159
	else : RES_ELSE . LLA_AB sentencias LLA_CE  (32)
	else : RES_ELSE . PAR_AB PAR_CE LLA_AB sentencias LLA_CE  (33)

	LLA_AB  shift 163
	PAR_AB  shift 164
	.  error


state 160
	if : RES_IF expresion LLA_AB sentencias LLA_CE else .  (31)

	.  reduce 31


state 161
	while : RES_WHILE PAR_AB expresion PAR_CE LLA_AB sentencias LLA_CE .  (28)

	.  reduce 28


state 162
	if : RES_IF PAR_AB expresion PAR_CE LLA_AB sentencias LLA_CE . else  (30)
	else : .  (34)

	RES_ELSE  shift 159
	CTE_ENTERA  reduce 34
	CTE_DECIMAL  reduce 34
	LLA_CE  reduce 34
	PAR_AB  reduce 34
	COR_AB  reduce 34
	CHAR  reduce 34
	IDENT  reduce 34
	OP_MENOS  reduce 34
	BOOL_NOT  reduce 34
	RES_READ  reduce 34
	RES_WRITE  reduce 34
	RES_WHILE  reduce 34
	RES_IF  reduce 34
	RES_INT  reduce 34
	RES_F32  reduce 34
	RES_CHAR  reduce 34
	RES_STRUCT  reduce 34
	RES_RET  reduce 34

	else  goto 165


state 163
	else : RES_ELSE LLA_AB . sentencias LLA_CE  (32)

	CTE_ENTERA  shift 52
	CTE_DECIMAL  shift 53
	PAR_AB  shift 54
	COR_AB  shift 13
	CHAR  shift 55
	IDENT  shift 56
	OP_MENOS  shift 57
	BOOL_NOT  shift 58
	RES_READ  shift 59
	RES_WRITE  shift 60
	RES_WHILE  shift 61
	RES_IF  shift 62
	RES_INT  shift 15
	RES_F32  shift 16
	RES_CHAR  shift 17
	RES_STRUCT  shift 18
	RES_RET  shift 63
	.  error

	tipo  goto 65
	while  goto 67
	expresion  goto 68
	sentencias  goto 166
	if  goto 70
	sentencia  goto 71


state 164
	else : RES_ELSE PAR_AB . PAR_CE LLA_AB sentencias LLA_CE  (33)

	PAR_CE  shift 167
	.  error


state 165
	if : RES_IF PAR_AB expresion PAR_CE LLA_AB sentencias LLA_CE else .  (30)

	.  reduce 30


state 166
	else : RES_ELSE LLA_AB sentencias . LLA_CE  (32)
	sentencias : sentencias . sentencia  (37)

	CTE_ENTERA  shift 52
	CTE_DECIMAL  shift 53
	LLA_CE  shift 168
	PAR_AB  shift 54
	COR_AB  shift 13
	CHAR  shift 55
	IDENT  shift 56
	OP_MENOS  shift 57
	BOOL_NOT  shift 58
	RES_READ  shift 59
	RES_WRITE  shift 60
	RES_WHILE  shift 61
	RES_IF  shift 62
	RES_INT  shift 15
	RES_F32  shift 16
	RES_CHAR  shift 17
	RES_STRUCT  shift 18
	RES_RET  shift 63
	.  error

	tipo  goto 65
	while  goto 67
	expresion  goto 68
	if  goto 70
	sentencia  goto 103


state 167
	else : RES_ELSE PAR_AB PAR_CE . LLA_AB sentencias LLA_CE  (33)

	LLA_AB  shift 169
	.  error


state 168
	else : RES_ELSE LLA_AB sentencias LLA_CE .  (32)

	.  reduce 32


state 169
	else : RES_ELSE PAR_AB PAR_CE LLA_AB . sentencias LLA_CE  (33)

	CTE_ENTERA  shift 52
	CTE_DECIMAL  shift 53
	PAR_AB  shift 54
	COR_AB  shift 13
	CHAR  shift 55
	IDENT  shift 56
	OP_MENOS  shift 57
	BOOL_NOT  shift 58
	RES_READ  shift 59
	RES_WRITE  shift 60
	RES_WHILE  shift 61
	RES_IF  shift 62
	RES_INT  shift 15
	RES_F32  shift 16
	RES_CHAR  shift 17
	RES_STRUCT  shift 18
	RES_RET  shift 63
	.  error

	tipo  goto 65
	while  goto 67
	expresion  goto 68
	sentencias  goto 170
	if  goto 70
	sentencia  goto 71


state 170
	else : RES_ELSE PAR_AB PAR_CE LLA_AB sentencias . LLA_CE  (33)
	sentencias : sentencias . sentencia  (37)

	CTE_ENTERA  shift 52
	CTE_DECIMAL  shift 53
	LLA_CE  shift 171
	PAR_AB  shift 54
	COR_AB  shift 13
	CHAR  shift 55
	IDENT  shift 56
	OP_MENOS  shift 57
	BOOL_NOT  shift 58
	RES_READ  shift 59
	RES_WRITE  shift 60
	RES_WHILE  shift 61
	RES_IF  shift 62
	RES_INT  shift 15
	RES_F32  shift 16
	RES_CHAR  shift 17
	RES_STRUCT  shift 18
	RES_RET  shift 63
	.  error

	tipo  goto 65
	while  goto 67
	expresion  goto 68
	if  goto 70
	sentencia  goto 103


state 171
	else : RES_ELSE PAR_AB PAR_CE LLA_AB sentencias LLA_CE .  (33)

	.  reduce 33


45 terminals, 24 nonterminals
74 grammar rules, 172 states
